d:\c++\kyrsach\win32project2\win32project2\debug\vc120.pdb
d:\c++\kyrsach\win32project2\win32project2\debug\vc120.idb
d:\c++\kyrsach\win32project2\win32project2\debug\cbox.obj
d:\c++\kyrsach\win32project2\win32project2\debug\control.obj
d:\c++\kyrsach\win32project2\win32project2\debug\gdiscreen.obj
d:\c++\kyrsach\win32project2\win32project2\debug\menubox.obj
d:\c++\kyrsach\win32project2\win32project2\debug\textbox.obj
d:\c++\kyrsach\win32project2\win32project2\debug\winmain.obj
d:\c++\kyrsach\win32project2\debug\win32project2.ilk
d:\c++\kyrsach\win32project2\debug\win32project2.exe
d:\c++\kyrsach\win32project2\debug\win32project2.pdb
d:\c++\kyrsach\win32project2\win32project2\debug\resource.res
d:\c++\kyrsach\win32project2\win32project2\debug\win32project2.vcxprojresolveassemblyreference.cache
d:\c++\kyrsach\win32project2\win32project2\debug\win32project2.tlog\cl.command.1.tlog
d:\c++\kyrsach\win32project2\win32project2\debug\win32project2.tlog\cl.read.1.tlog
d:\c++\kyrsach\win32project2\win32project2\debug\win32project2.tlog\cl.write.1.tlog
d:\c++\kyrsach\win32project2\win32project2\debug\win32project2.tlog\link.command.1.tlog
d:\c++\kyrsach\win32project2\win32project2\debug\win32project2.tlog\link.read.1.tlog
d:\c++\kyrsach\win32project2\win32project2\debug\win32project2.tlog\link.write.1.tlog
d:\c++\kyrsach\win32project2\win32project2\debug\win32project2.tlog\rc.command.1.tlog
d:\c++\kyrsach\win32project2\win32project2\debug\win32project2.tlog\rc.read.1.tlog
d:\c++\kyrsach\win32project2\win32project2\debug\win32project2.tlog\rc.write.1.tlog
